[1104/112042:INFO:broker_services.cc(92)] BrokerServicesBase::BrokerServicesBase 00605D68
[1104/165016:INFO:broker_services.cc(92)] BrokerServicesBase::BrokerServicesBase 006A5E58
[1110/123102:INFO:broker_services.cc(92)] BrokerServicesBase::BrokerServicesBase 00586050
[1110/131506:INFO:broker_services.cc(92)] BrokerServicesBase::BrokerServicesBase 00566050
[1110/144956:INFO:broker_services.cc(92)] BrokerServicesBase::BrokerServicesBase 00396050
[1114/122548:INFO:broker_services.cc(92)] BrokerServicesBase::BrokerServicesBase 00806108
[1114/123056:INFO:broker_services.cc(92)] BrokerServicesBase::BrokerServicesBase 00646108
[1114/144628:INFO:broker_services.cc(92)] BrokerServicesBase::BrokerServicesBase 00506108
[1115/113517:INFO:broker_services.cc(92)] BrokerServicesBase::BrokerServicesBase 004E6438
[1115/113845:INFO:broker_services.cc(92)] BrokerServicesBase::BrokerServicesBase 00476438
[1116/104255:INFO:broker_services.cc(92)] BrokerServicesBase::BrokerServicesBase 006C6438
[1117/091738:INFO:broker_services.cc(92)] BrokerServicesBase::BrokerServicesBase 00606388
[1118/154516:INFO:broker_services.cc(92)] BrokerServicesBase::BrokerServicesBase 006A6388
[1123/093212:INFO:broker_services.cc(92)] BrokerServicesBase::BrokerServicesBase 00856388
[1123/104319:INFO:broker_services.cc(92)] BrokerServicesBase::BrokerServicesBase 00806388
[1123/110903:INFO:broker_services.cc(92)] BrokerServicesBase::BrokerServicesBase 00666388
[1124/092654:INFO:broker_services.cc(92)] BrokerServicesBase::BrokerServicesBase 00846388
[1124/110046:INFO:broker_services.cc(92)] BrokerServicesBase::BrokerServicesBase 00336388
[1124/111504:INFO:broker_services.cc(92)] BrokerServicesBase::BrokerServicesBase 00456388
[1124/114301:INFO:broker_services.cc(92)] BrokerServicesBase::BrokerServicesBase 007E6388
[1125/165806:INFO:broker_services.cc(92)] BrokerServicesBase::BrokerServicesBase 009F6348
[1128/091949:INFO:broker_services.cc(92)] BrokerServicesBase::BrokerServicesBase 00366380
[1128/144659:INFO:broker_services.cc(92)] BrokerServicesBase::BrokerServicesBase 00546388
[1128/160916:INFO:broker_services.cc(92)] BrokerServicesBase::BrokerServicesBase 00476388
[1129/093834:INFO:broker_services.cc(92)] BrokerServicesBase::BrokerServicesBase 004A6380
[1129/160102:INFO:broker_services.cc(92)] BrokerServicesBase::BrokerServicesBase 00406380
[1130/100438:INFO:broker_services.cc(92)] BrokerServicesBase::BrokerServicesBase 006E6388
[1130/113835:INFO:broker_services.cc(92)] BrokerServicesBase::BrokerServicesBase 00786448
[1130/180958:INFO:broker_services.cc(92)] BrokerServicesBase::BrokerServicesBase 002F6448
[1201/101035:INFO:broker_services.cc(92)] BrokerServicesBase::BrokerServicesBase 005A6440
[1201/101156:INFO:broker_services.cc(92)] BrokerServicesBase::BrokerServicesBase 007F6440
[1202/091753:INFO:broker_services.cc(92)] BrokerServicesBase::BrokerServicesBase 00656440
